# JRE version: OpenJDK Runtime Environment (17.0.10) (build 17.0.10+0--11572160)
# Java VM: OpenJDK 64-Bit Server VM (17.0.10+0--11572160, mixed mode, tiered, compressed oops, compressed class ptrs, g1 gc, windows-amd64)
GC Precious Log:
 CPUs: 16 total, 16 available
 Memory: 16158M
 Large Page Support: Disabled
 NUMA Support: Disabled
 Compressed Oops: Enabled (32-bit)
 Heap Region Size: 1M
 Heap Min Capacity: 8M
 Heap Initial Capacity: 254M
 Heap Max Capacity: 2G
 Pre-touch: Disabled
 Parallel Workers: 13
 Concurrent Workers: 3
 Concurrent Refinement Workers: 13
 Periodic GC: Disabled
Heap:
 garbage-first heap   total 461824K, used 246605K [0x0000000080000000, 0x0000000100000000)
  region size 1024K, 14 young (14336K), 12 survivors (12288K)
 Metaspace       used 160348K, committed 161408K, reserved 1245184K
  class space    used 21683K, committed 22208K, reserved 1048576K
GC Heap History (20 events):
Event: 20.016 GC heap before
{Heap before GC invocations=43 (full 0):
 garbage-first heap   total 227328K, used 186520K [0x0000000080000000, 0x0000000100000000)
  region size 1024K, 68 young (69632K), 2 survivors (2048K)
 Metaspace       used 107917K, committed 108672K, reserved 1179648K
  class space    used 14858K, committed 15232K, reserved 1048576K
}
Event: 20.020 GC heap after
{Heap after GC invocations=44 (full 0):
 garbage-first heap   total 227328K, used 122051K [0x0000000080000000, 0x0000000100000000)
  region size 1024K, 5 young (5120K), 5 survivors (5120K)
 Metaspace       used 107917K, committed 108672K, reserved 1179648K
  class space    used 14858K, committed 15232K, reserved 1048576K
}
Event: 21.193 GC heap before
{Heap before GC invocations=44 (full 0):
 garbage-first heap   total 227328K, used 186563K [0x0000000080000000, 0x0000000100000000)
  region size 1024K, 69 young (70656K), 5 survivors (5120K)
 Metaspace       used 110146K, committed 110912K, reserved 1179648K
  class space    used 15134K, committed 15488K, reserved 1048576K
}
Event: 21.198 GC heap after
{Heap after GC invocations=45 (full 0):
 garbage-first heap   total 227328K, used 124987K [0x0000000080000000, 0x0000000100000000)
  region size 1024K, 7 young (7168K), 7 survivors (7168K)
 Metaspace       used 110146K, committed 110912K, reserved 1179648K
  class space    used 15134K, committed 15488K, reserved 1048576K
}
Event: 21.554 GC heap before
{Heap before GC invocations=45 (full 0):
 garbage-first heap   total 227328K, used 186427K [0x0000000080000000, 0x0000000100000000)
  region size 1024K, 68 young (69632K), 7 survivors (7168K)
 Metaspace       used 111671K, committed 112448K, reserved 1179648K
  class space    used 15337K, committed 15744K, reserved 1048576K
}
Event: 21.560 GC heap after
{Heap after GC invocations=46 (full 0):
 garbage-first heap   total 227328K, used 128745K [0x0000000080000000, 0x0000000100000000)
  region size 1024K, 6 young (6144K), 6 survivors (6144K)
 Metaspace       used 111671K, committed 112448K, reserved 1179648K
  class space    used 15337K, committed 15744K, reserved 1048576K
}
Event: 21.715 GC heap before
{Heap before GC invocations=46 (full 0):
 garbage-first heap   total 227328K, used 187113K [0x0000000080000000, 0x0000000100000000)
  region size 1024K, 64 young (65536K), 6 survivors (6144K)
 Metaspace       used 112325K, committed 113216K, reserved 1179648K
  class space    used 15443K, committed 15872K, reserved 1048576K
}
Event: 21.720 GC heap after
{Heap after GC invocations=47 (full 0):
 garbage-first heap   total 227328K, used 130435K [0x0000000080000000, 0x0000000100000000)
  region size 1024K, 5 young (5120K), 5 survivors (5120K)
 Metaspace       used 112325K, committed 113216K, reserved 1179648K
  class space    used 15443K, committed 15872K, reserved 1048576K
}
Event: 21.976 GC heap before
{Heap before GC invocations=47 (full 0):
 garbage-first heap   total 227328K, used 186755K [0x0000000080000000, 0x0000000100000000)
  region size 1024K, 61 young (62464K), 5 survivors (5120K)
 Metaspace       used 112437K, committed 113280K, reserved 1179648K
  class space    used 15462K, committed 15872K, reserved 1048576K
}
Event: 21.997 GC heap after
{Heap after GC invocations=48 (full 0):
 garbage-first heap   total 441344K, used 131856K [0x0000000080000000, 0x0000000100000000)
  region size 1024K, 6 young (6144K), 6 survivors (6144K)
 Metaspace       used 112437K, committed 113280K, reserved 1179648K
  class space    used 15462K, committed 15872K, reserved 1048576K
}
Event: 27.966 GC heap before
{Heap before GC invocations=48 (full 0):
 garbage-first heap   total 441344K, used 359184K [0x0000000080000000, 0x0000000100000000)
  region size 1024K, 218 young (223232K), 6 survivors (6144K)
 Metaspace       used 123209K, committed 124096K, reserved 1179648K
  class space    used 16602K, committed 17024K, reserved 1048576K
}
Event: 27.977 GC heap after
{Heap after GC invocations=49 (full 0):
 garbage-first heap   total 441344K, used 152403K [0x0000000080000000, 0x0000000100000000)
  region size 1024K, 23 young (23552K), 23 survivors (23552K)
 Metaspace       used 123209K, committed 124096K, reserved 1179648K
  class space    used 16602K, committed 17024K, reserved 1048576K
}
Event: 30.796 GC heap before
{Heap before GC invocations=49 (full 0):
 garbage-first heap   total 441344K, used 354131K [0x0000000080000000, 0x0000000100000000)
  region size 1024K, 214 young (219136K), 23 survivors (23552K)
 Metaspace       used 133695K, committed 134592K, reserved 1179648K
  class space    used 17792K, committed 18240K, reserved 1048576K
}
Event: 30.840 GC heap after
{Heap after GC invocations=50 (full 0):
 garbage-first heap   total 461824K, used 237893K [0x0000000080000000, 0x0000000100000000)
  region size 1024K, 27 young (27648K), 27 survivors (27648K)
 Metaspace       used 133695K, committed 134592K, reserved 1179648K
  class space    used 17792K, committed 18240K, reserved 1048576K
}
Event: 31.372 GC heap before
{Heap before GC invocations=50 (full 0):
 garbage-first heap   total 461824K, used 359749K [0x0000000080000000, 0x0000000100000000)
  region size 1024K, 146 young (149504K), 27 survivors (27648K)
 Metaspace       used 133999K, committed 134912K, reserved 1179648K
  class space    used 17812K, committed 18240K, reserved 1048576K
}
Event: 31.378 GC heap after
{Heap after GC invocations=51 (full 0):
 garbage-first heap   total 461824K, used 224621K [0x0000000080000000, 0x0000000100000000)
  region size 1024K, 5 young (5120K), 5 survivors (5120K)
 Metaspace       used 133999K, committed 134912K, reserved 1179648K
  class space    used 17812K, committed 18240K, reserved 1048576K
}
Event: 35.648 GC heap before
{Heap before GC invocations=51 (full 0):
 garbage-first heap   total 461824K, used 360813K [0x0000000080000000, 0x0000000100000000)
  region size 1024K, 139 young (142336K), 5 survivors (5120K)
 Metaspace       used 136477K, committed 137408K, reserved 1179648K
  class space    used 18175K, committed 18624K, reserved 1048576K
}
Event: 35.657 GC heap after
{Heap after GC invocations=52 (full 0):
 garbage-first heap   total 461824K, used 234300K [0x0000000080000000, 0x0000000100000000)
  region size 1024K, 14 young (14336K), 14 survivors (14336K)
 Metaspace       used 136477K, committed 137408K, reserved 1179648K
  class space    used 18175K, committed 18624K, reserved 1048576K
}
Event: 37.512 GC heap before
{Heap before GC invocations=52 (full 0):
 garbage-first heap   total 461824K, used 366396K [0x0000000080000000, 0x0000000100000000)
  region size 1024K, 144 young (147456K), 14 survivors (14336K)
 Metaspace       used 152040K, committed 152960K, reserved 1245184K
  class space    used 20750K, committed 21184K, reserved 1048576K
}
Event: 37.523 GC heap after
{Heap after GC invocations=53 (full 0):
 garbage-first heap   total 461824K, used 237950K [0x0000000080000000, 0x0000000100000000)
  region size 1024K, 5 young (5120K), 5 survivors (5120K)
 Metaspace       used 152040K, committed 152960K, reserved 1245184K
  class space    used 20750K, committed 21184K, reserved 1048576K
}

